<?xml version="1.0" encoding="UTF-8"?>
<!-- Generated by org.testng.reporters.JUnitXMLReporter -->
<testsuite ignored="0" hostname="DESKTOP-KMN6TAK" failures="0" tests="6" name="Default test" time="34.474" errors="0" timestamp="2022-06-14T22:29:40 ICT">
  <testcase classname="com.nexsoft.testng.dashboard.CRUDBuilderTest" name="login" time="3.04"/>
  <testcase classname="com.nexsoft.testng.dashboard.CRUDBuilderTest" name="createData" time="5.853"/>
  <testcase classname="com.nexsoft.testng.dashboard.CRUDBuilderTest" name="createData" time="5.699"/>
  <testcase classname="com.nexsoft.testng.dashboard.CRUDBuilderTest" name="createData" time="5.452"/>
  <testcase classname="com.nexsoft.testng.dashboard.CRUDBuilderTest" name="createData" time="5.591"/>
  <testcase classname="com.nexsoft.testng.dashboard.CRUDBuilderTest" name="createData" time="5.525"/>
</testsuite> <!-- Default test -->
