<?xml version="1.0" encoding="UTF-8"?>
<testng-results ignored="0" total="6" passed="6" failed="0" skipped="0">
  <reporter-output>
  </reporter-output>
  <suite started-at="2022-06-14T22:29:06 ICT" name="Default suite" finished-at="2022-06-14T22:29:40 ICT" duration-ms="34474">
    <groups>
    </groups>
    <test started-at="2022-06-14T22:29:06 ICT" name="Default test" finished-at="2022-06-14T22:29:40 ICT" duration-ms="34474">
      <class name="com.nexsoft.testng.dashboard.CRUDBuilderTest">
        <test-method is-config="true" signature="init()[pri:0, instance:com.nexsoft.testng.dashboard.CRUDBuilderTest@6221a451]" started-at="2022-06-14T22:29:06 ICT" name="init" finished-at="2022-06-14T22:29:09 ICT" duration-ms="3225" status="PASS">
          <reporter-output>
          </reporter-output>
        </test-method> <!-- init -->
        <test-method signature="login()[pri:0, instance:com.nexsoft.testng.dashboard.CRUDBuilderTest@6221a451]" started-at="2022-06-14T22:29:09 ICT" name="login" finished-at="2022-06-14T22:29:12 ICT" duration-ms="3040" status="PASS">
          <reporter-output>
          </reporter-output>
        </test-method> <!-- login -->
        <test-method signature="createData(java.lang.String,java.lang.String,java.lang.String,java.lang.String)[pri:1, instance:com.nexsoft.testng.dashboard.CRUDBuilderTest@6221a451]" started-at="2022-06-14T22:29:12 ICT" name="createData" data-provider="getNexSoftData" finished-at="2022-06-14T22:29:18 ICT" duration-ms="5853" status="PASS">
          <params>
            <param index="0">
              <value>
                <![CDATA[Britni]]>
              </value>
            </param>
            <param index="1">
              <value>
                <![CDATA[Warland]]>
              </value>
            </param>
            <param index="2">
              <value>
                <![CDATA[bwarland0@over-blog.com]]>
              </value>
            </param>
            <param index="3">
              <value>
                <![CDATA[Female]]>
              </value>
            </param>
          </params>
          <reporter-output>
          </reporter-output>
        </test-method> <!-- createData -->
        <test-method signature="createData(java.lang.String,java.lang.String,java.lang.String,java.lang.String)[pri:1, instance:com.nexsoft.testng.dashboard.CRUDBuilderTest@6221a451]" started-at="2022-06-14T22:29:18 ICT" name="createData" data-provider="getNexSoftData" finished-at="2022-06-14T22:29:24 ICT" duration-ms="5699" status="PASS">
          <params>
            <param index="0">
              <value>
                <![CDATA[Ravid]]>
              </value>
            </param>
            <param index="1">
              <value>
                <![CDATA[Spinnace]]>
              </value>
            </param>
            <param index="2">
              <value>
                <![CDATA[rspinnace1@umich.edu]]>
              </value>
            </param>
            <param index="3">
              <value>
                <![CDATA[Male]]>
              </value>
            </param>
          </params>
          <reporter-output>
          </reporter-output>
        </test-method> <!-- createData -->
        <test-method signature="createData(java.lang.String,java.lang.String,java.lang.String,java.lang.String)[pri:1, instance:com.nexsoft.testng.dashboard.CRUDBuilderTest@6221a451]" started-at="2022-06-14T22:29:24 ICT" name="createData" data-provider="getNexSoftData" finished-at="2022-06-14T22:29:29 ICT" duration-ms="5452" status="PASS">
          <params>
            <param index="0">
              <value>
                <![CDATA[Hymie]]>
              </value>
            </param>
            <param index="1">
              <value>
                <![CDATA[Tetsall]]>
              </value>
            </param>
            <param index="2">
              <value>
                <![CDATA[htetsall2@hhs.gov]]>
              </value>
            </param>
            <param index="3">
              <value>
                <![CDATA[Male]]>
              </value>
            </param>
          </params>
          <reporter-output>
          </reporter-output>
        </test-method> <!-- createData -->
        <test-method signature="createData(java.lang.String,java.lang.String,java.lang.String,java.lang.String)[pri:1, instance:com.nexsoft.testng.dashboard.CRUDBuilderTest@6221a451]" started-at="2022-06-14T22:29:29 ICT" name="createData" data-provider="getNexSoftData" finished-at="2022-06-14T22:29:35 ICT" duration-ms="5591" status="PASS">
          <params>
            <param index="0">
              <value>
                <![CDATA[Ellsworth]]>
              </value>
            </param>
            <param index="1">
              <value>
                <![CDATA[O'Hickee]]>
              </value>
            </param>
            <param index="2">
              <value>
                <![CDATA[eohickee3@blogtalkradio.com]]>
              </value>
            </param>
            <param index="3">
              <value>
                <![CDATA[Male]]>
              </value>
            </param>
          </params>
          <reporter-output>
          </reporter-output>
        </test-method> <!-- createData -->
        <test-method signature="createData(java.lang.String,java.lang.String,java.lang.String,java.lang.String)[pri:1, instance:com.nexsoft.testng.dashboard.CRUDBuilderTest@6221a451]" started-at="2022-06-14T22:29:35 ICT" name="createData" data-provider="getNexSoftData" finished-at="2022-06-14T22:29:40 ICT" duration-ms="5525" status="PASS">
          <params>
            <param index="0">
              <value>
                <![CDATA[Godfry]]>
              </value>
            </param>
            <param index="1">
              <value>
                <![CDATA[Sasser]]>
              </value>
            </param>
            <param index="2">
              <value>
                <![CDATA[gsasser4@moonfruit.com]]>
              </value>
            </param>
            <param index="3">
              <value>
                <![CDATA[Male]]>
              </value>
            </param>
          </params>
          <reporter-output>
          </reporter-output>
        </test-method> <!-- createData -->
      </class> <!-- com.nexsoft.testng.dashboard.CRUDBuilderTest -->
    </test> <!-- Default test -->
  </suite> <!-- Default suite -->
</testng-results>
